Using pre-set license
Built from '2020.3/staging' branch; Version is '2020.3.13f1 (71691879b7f5) revision 7432472'; Using compiler version '192528614'; Build Type 'Release'
OS: 'Windows 10 Pro; OS build 19042.1348; Version 2009; 64bit' Language: 'ja' Physical Memory: 16252 MB
BatchMode: 1, IsHumanControllingUs: 0, StartBugReporterOnCrash: 0, Is64bit: 1, IsPro: 0

 COMMAND LINE ARGUMENTS:
D:\Program Files (x86)\UnityEditors\2020.3.13f1\Editor\Unity.exe
-adb2
-batchMode
-noUpm
-name
AssetImportWorker0
-projectPath
D:/User/UnityProjects/Unity部/SRPTest
-logFile
Logs/AssetImportWorker0.log
-srvPort
61269
Successfully changed project path to: D:/User/UnityProjects/Unity部/SRPTest
D:/User/UnityProjects/Unity部/SRPTest
Using Asset Import Pipeline V2.
Refreshing native plugins compatible for Editor in 42.72 ms, found 2 plugins.
Preloading 0 native plugins for Editor in 0.00 ms.
Initialize engine version: 2020.3.13f1 (71691879b7f5)
[Subsystems] Discovering subsystems at path D:/Program Files (x86)/UnityEditors/2020.3.13f1/Editor/Data/Resources/UnitySubsystems
[Subsystems] Discovering subsystems at path D:/User/UnityProjects/Unity部/SRPTest/Assets
GfxDevice: creating device client; threaded=0
Direct3D:
    Version:  Direct3D 11.0 [level 11.1]
    Renderer: NVIDIA GeForce GTX 1060 6GB (ID=0x1c03)
    Vendor:   
    VRAM:     6052 MB
    Driver:   27.21.14.5671
Initialize mono
Mono path[0] = 'D:/Program Files (x86)/UnityEditors/2020.3.13f1/Editor/Data/Managed'
Mono path[1] = 'D:/Program Files (x86)/UnityEditors/2020.3.13f1/Editor/Data/MonoBleedingEdge/lib/mono/unityjit'
Mono config path = 'D:/Program Files (x86)/UnityEditors/2020.3.13f1/Editor/Data/MonoBleedingEdge/etc'
Using monoOptions --debugger-agent=transport=dt_socket,embedding=1,server=y,suspend=n,address=127.0.0.1:56124
Begin MonoManager ReloadAssembly
Registering precompiled unity dll's ...
Register platform support module: D:/Program Files (x86)/UnityEditors/2020.3.13f1/Editor/Data/PlaybackEngines/WebGLSupport/UnityEditor.WebGL.Extensions.dll
Register platform support module: D:/Program Files (x86)/UnityEditors/2020.3.13f1/Editor/Data/PlaybackEngines/WindowsStandaloneSupport/UnityEditor.WindowsStandalone.Extensions.dll
Registered in 0.001372 seconds.
Native extension for WindowsStandalone target not found
Native extension for WebGL target not found
Refreshing native plugins compatible for Editor in 42.15 ms, found 2 plugins.
Preloading 0 native plugins for Editor in 0.00 ms.
Mono: successfully reloaded assembly
- Completed reload, in  1.457 seconds
Platform modules already initialized, skipping
Registering precompiled user dll's ...
Registered in 0.003109 seconds.
Begin MonoManager ReloadAssembly
Native extension for WindowsStandalone target not found
Native extension for WebGL target not found
Refreshing native plugins compatible for Editor in 43.85 ms, found 2 plugins.
Preloading 0 native plugins for Editor in 0.00 ms.
Mono: successfully reloaded assembly
- Completed reload, in  1.011 seconds
Platform modules already initialized, skipping
========================================================================
Worker process is ready to serve import requests
Shader 'Universal Render Pipeline/Particles/Lit': fallback shader 'Universal Render Pipeline/Particles/SimpleLit' not found
Shader 'Universal Render Pipeline/Particles/Lit': fallback shader 'Universal Render Pipeline/Particles/SimpleLit' not found
Launched and connected shader compiler UnityShaderCompiler.exe after 0.06 seconds
Refreshing native plugins compatible for Editor in 0.45 ms, found 2 plugins.
Preloading 0 native plugins for Editor in 0.00 ms.
Unloading 2696 Unused Serialized files (Serialized files now loaded: 0)
System memory in use before: 121.6 MB.
System memory in use after: 118.8 MB.

Unloading 54 unused Assets to reduce memory usage. Loaded Objects now: 3093.
Total: 3.467700 ms (FindLiveObjects: 0.254400 ms CreateObjectMapping: 0.118300 ms MarkObjects: 1.877300 ms  DeleteObjects: 1.216700 ms)

AssetImportParameters requested are different than current active one (requested -> active):
  custom:framework-win-MediaFoundation: 216162199b28c13a410421893ffa2e32 -> 
  custom:video-decoder-ogg-theora: a1e56fd34408186e4bbccfd4996cb3dc -> 
  custom:container-muxer-webm: aa71ff27fc2769a1b78a27578f13a17b -> 
  custom:container-demuxer-webm: 4f35f7cbe854078d1ac9338744f61a02 -> 
  custom:container-demuxer-ogg: 62fdf1f143b41e24485cea50d1cbac27 -> 
  custom:video-encoder-webm-vp8: eb34c28f22e8b96e1ab97ce403110664 -> 
  custom:video-decoder-webm-vp8: 9c59270c3fd7afecdb556c50c9e8de78 -> 
  custom:audio-decoder-ogg-vorbis: bf7c407c2cedff20999df2af8eb42d56 -> 
  custom:audio-encoder-webm-vorbis: bf7c407c2cedff20999df2af8eb42d56 -> 
========================================================================
Received Import Request.
  path: Assets
  artifactKey: Guid(00000000000000001000000000000000) Importer(815301076,1909f56bfc062723c751e8b465ee728b)
Start importing Assets using Guid(00000000000000001000000000000000) Importer(815301076,1909f56bfc062723c751e8b465ee728b)  -> (artifact id: '42d402b061de3733987d63b9cc3b64de') in 0.008084 seconds 
  Import took 0.011612 seconds .

========================================================================
Received Import Request.
  Time since last request: 24.085946 seconds.
  path: Assets/Settings/ForwardRenderer.asset
  artifactKey: Guid(4a8e21d5c33334b11b34a596161b9360) Importer(815301076,1909f56bfc062723c751e8b465ee728b)
Start importing Assets/Settings/ForwardRenderer.asset using Guid(4a8e21d5c33334b11b34a596161b9360) Importer(815301076,1909f56bfc062723c751e8b465ee728b)  -> (artifact id: '63cf95242464b0f1307a08bc2392aaaa') in 0.027697 seconds 
  Import took 0.031372 seconds .

========================================================================
Received Import Request.
  Time since last request: 0.000202 seconds.
  path: Assets/Settings/SampleSceneProfile.asset
  artifactKey: Guid(10fc4df2da32a41aaa32d77bc913491c) Importer(815301076,1909f56bfc062723c751e8b465ee728b)
Start importing Assets/Settings/SampleSceneProfile.asset using Guid(10fc4df2da32a41aaa32d77bc913491c) Importer(815301076,1909f56bfc062723c751e8b465ee728b)  -> (artifact id: 'd2b3f476ab718b1cf20d183dd9addfe7') in 0.015277 seconds 
  Import took 0.019303 seconds .

========================================================================
Received Import Request.
  Time since last request: 0.000247 seconds.
  path: Assets/Settings/UniversalRP-LowQuality.asset
  artifactKey: Guid(a31e9f9f9c9d4b9429ed0d1234e22103) Importer(815301076,1909f56bfc062723c751e8b465ee728b)
Start importing Assets/Settings/UniversalRP-LowQuality.asset using Guid(a31e9f9f9c9d4b9429ed0d1234e22103) Importer(815301076,1909f56bfc062723c751e8b465ee728b)  -> (artifact id: 'b226a0bb157262eadf686f6bb5b5f1f8') in 0.006790 seconds 
  Import took 0.010600 seconds .

========================================================================
Received Import Request.
  Time since last request: 0.000233 seconds.
  path: Assets/Settings/UniversalRP-MediumQuality.asset
  artifactKey: Guid(d847b876476d3d6468f5dfcd34266f96) Importer(815301076,1909f56bfc062723c751e8b465ee728b)
Start importing Assets/Settings/UniversalRP-MediumQuality.asset using Guid(d847b876476d3d6468f5dfcd34266f96) Importer(815301076,1909f56bfc062723c751e8b465ee728b)  -> (artifact id: 'd421f548a6507a11f25ec3578746e9c1') in 0.006323 seconds 
  Import took 0.010104 seconds .

========================================================================
Received Import Request.
  Time since last request: 0.000261 seconds.
  path: Assets/Settings/UniversalRP-HighQuality.asset
  artifactKey: Guid(19ba41d7c0026c3459d37c2fe90c55a0) Importer(815301076,1909f56bfc062723c751e8b465ee728b)
Start importing Assets/Settings/UniversalRP-HighQuality.asset using Guid(19ba41d7c0026c3459d37c2fe90c55a0) Importer(815301076,1909f56bfc062723c751e8b465ee728b)  -> (artifact id: '02e18c1f933b70f494440bf5e7626866') in 0.006024 seconds 
  Import took 0.009862 seconds .

========================================================================
Received Import Request.
  Time since last request: 1.513848 seconds.
  path: Assets/Settings
  artifactKey: Guid(0735c275001a2c84dafdb30deced5d8d) Importer(815301076,1909f56bfc062723c751e8b465ee728b)
Start importing Assets/Settings using Guid(0735c275001a2c84dafdb30deced5d8d) Importer(815301076,1909f56bfc062723c751e8b465ee728b)  -> (artifact id: 'cadd7ca10b5bf32e886eec457cf073a7') in 0.005301 seconds 
  Import took 0.008874 seconds .

========================================================================
Received Import Request.
  Time since last request: 57.099197 seconds.
  path: Assets/Settings/DemoRenderPipeline.asset
  artifactKey: Guid(0879d98a2530ecb4caed92ecd193afff) Importer(815301076,1909f56bfc062723c751e8b465ee728b)
Start importing Assets/Settings/DemoRenderPipeline.asset using Guid(0879d98a2530ecb4caed92ecd193afff) Importer(815301076,1909f56bfc062723c751e8b465ee728b)  -> (artifact id: '649b3cde0bfc05538cb4b7d88748359b') in 0.006666 seconds 
  Import took 0.010407 seconds .

========================================================================
Received Import Request.
  Time since last request: 0.000283 seconds.
  path: Assets/Settings/DemoRenderPipeline_Renderer.asset
  artifactKey: Guid(111d894f18a467442846086e3e85b3d0) Importer(815301076,1909f56bfc062723c751e8b465ee728b)
Start importing Assets/Settings/DemoRenderPipeline_Renderer.asset using Guid(111d894f18a467442846086e3e85b3d0) Importer(815301076,1909f56bfc062723c751e8b465ee728b)  -> (artifact id: '3fc430e9fcbd0d6708fdb235056dc387') in 0.006790 seconds 
  Import took 0.010275 seconds .

========================================================================
Received Import Request.
  Time since last request: 292.331868 seconds.
  path: Packages/com.unity.render-pipelines.universal/Runtime/Data/ForwardRendererData.asset
  artifactKey: Guid(618d298269e66c542b306de85db1faea) Importer(815301076,1909f56bfc062723c751e8b465ee728b)
Start importing Packages/com.unity.render-pipelines.universal/Runtime/Data/ForwardRendererData.asset using Guid(618d298269e66c542b306de85db1faea) Importer(815301076,1909f56bfc062723c751e8b465ee728b)  -> (artifact id: '3a021261dcb55d1a2ad13ff4da6a749c') in 0.006608 seconds 
  Import took 0.010907 seconds .

========================================================================
Received Import Request.
  Time since last request: 0.000252 seconds.
  path: Packages/com.unity.render-pipelines.universal/Runtime/Data/PostProcessData.asset
  artifactKey: Guid(41439944d30ece34e96484bdb6645b55) Importer(815301076,1909f56bfc062723c751e8b465ee728b)
Start importing Packages/com.unity.render-pipelines.universal/Runtime/Data/PostProcessData.asset using Guid(41439944d30ece34e96484bdb6645b55) Importer(815301076,1909f56bfc062723c751e8b465ee728b)  -> (artifact id: 'ccae04ba9ac867047a8e75e4a553fcca') in 0.005276 seconds 
  Import took 0.008631 seconds .

========================================================================
Received Import Request.
  Time since last request: 0.020864 seconds.
  path: Packages/com.unity.render-pipelines.universal/Runtime/Data/UniversalRenderPipelineEditorResources.asset
  artifactKey: Guid(a3d8d823eedde654bb4c11a1cfaf1abb) Importer(815301076,1909f56bfc062723c751e8b465ee728b)
Start importing Packages/com.unity.render-pipelines.universal/Runtime/Data/UniversalRenderPipelineEditorResources.asset using Guid(a3d8d823eedde654bb4c11a1cfaf1abb) Importer(815301076,1909f56bfc062723c751e8b465ee728b)  -> (artifact id: '164e3975dd53ef8ab1a33b1178f73ea9') in 0.022745 seconds 
  Import took 0.027803 seconds .

========================================================================
Received Import Request.
  Time since last request: 0.000242 seconds.
  path: Packages/com.unity.render-pipelines.universal/Runtime/Data/XRSystemData.asset
  artifactKey: Guid(60e1133243b97e347b653163a8c01b64) Importer(815301076,1909f56bfc062723c751e8b465ee728b)
Start importing Packages/com.unity.render-pipelines.universal/Runtime/Data/XRSystemData.asset using Guid(60e1133243b97e347b653163a8c01b64) Importer(815301076,1909f56bfc062723c751e8b465ee728b)  -> (artifact id: '77b3137643d5a5cdd72e427dcf938e1f') in 0.005284 seconds 
  Import took 0.009463 seconds .

========================================================================
Received Import Request.
  Time since last request: 3.381129 seconds.
  path: Packages/com.unity.render-pipelines.universal/Runtime/Data/UniversalRenderPipelineEditorResources.cs
  artifactKey: Guid(76e49a5b88430df478c504fe5a5c1a62) Importer(815301076,1909f56bfc062723c751e8b465ee728b)
Start importing Packages/com.unity.render-pipelines.universal/Runtime/Data/UniversalRenderPipelineEditorResources.cs using Guid(76e49a5b88430df478c504fe5a5c1a62) Importer(815301076,1909f56bfc062723c751e8b465ee728b)  -> (artifact id: '6c38fab8df35257dfb6533e502dea3df') in 0.010516 seconds 
  Import took 0.014406 seconds .

========================================================================
Received Import Request.
  Time since last request: 0.004953 seconds.
  path: Packages/com.unity.render-pipelines.universal/Runtime/Data/UniversalRenderPipelineEditorResources.cs
  artifactKey: Guid(76e49a5b88430df478c504fe5a5c1a62) Importer(815301076,1909f56bfc062723c751e8b465ee728b)
Start importing Packages/com.unity.render-pipelines.universal/Runtime/Data/UniversalRenderPipelineEditorResources.cs using Guid(76e49a5b88430df478c504fe5a5c1a62) Importer(815301076,1909f56bfc062723c751e8b465ee728b)  -> (artifact id: '6c38fab8df35257dfb6533e502dea3df') in 0.001444 seconds 
  Import took 0.005071 seconds .

========================================================================
Received Import Request.
  Time since last request: 1.536594 seconds.
  path: Packages/com.unity.render-pipelines.universal/Runtime/Data/XRSystemData.cs
  artifactKey: Guid(307a736764ebbce44b54d72f8467b6fd) Importer(815301076,1909f56bfc062723c751e8b465ee728b)
Start importing Packages/com.unity.render-pipelines.universal/Runtime/Data/XRSystemData.cs using Guid(307a736764ebbce44b54d72f8467b6fd) Importer(815301076,1909f56bfc062723c751e8b465ee728b)  -> (artifact id: '56d437c03b7ffe4af8df4466851c6515') in 0.001468 seconds 
  Import took 0.005211 seconds .

========================================================================
Received Import Request.
  Time since last request: 1.862900 seconds.
  path: Packages/com.unity.render-pipelines.universal/Runtime/Data/PostProcessData.cs
  artifactKey: Guid(572910c10080c0945a0ef731ccedc739) Importer(815301076,1909f56bfc062723c751e8b465ee728b)
Start importing Packages/com.unity.render-pipelines.universal/Runtime/Data/PostProcessData.cs using Guid(572910c10080c0945a0ef731ccedc739) Importer(815301076,1909f56bfc062723c751e8b465ee728b)  -> (artifact id: 'd7d4501117c3089fbb430458e534e40b') in 0.001393 seconds 
  Import took 0.004982 seconds .

========================================================================
Received Import Request.
  Time since last request: 0.000620 seconds.
  path: Packages/com.unity.render-pipelines.universal/Runtime/Data/PostProcessData.cs
  artifactKey: Guid(572910c10080c0945a0ef731ccedc739) Importer(815301076,1909f56bfc062723c751e8b465ee728b)
Start importing Packages/com.unity.render-pipelines.universal/Runtime/Data/PostProcessData.cs using Guid(572910c10080c0945a0ef731ccedc739) Importer(815301076,1909f56bfc062723c751e8b465ee728b)  -> (artifact id: 'd7d4501117c3089fbb430458e534e40b') in 0.001831 seconds 
  Import took 0.005384 seconds .

========================================================================
Received Import Request.
  Time since last request: 1.552420 seconds.
  path: Packages/com.unity.render-pipelines.universal/Runtime/Data/RenderStateData.cs
  artifactKey: Guid(682abd313990845aabd60612b4828970) Importer(815301076,1909f56bfc062723c751e8b465ee728b)
Start importing Packages/com.unity.render-pipelines.universal/Runtime/Data/RenderStateData.cs using Guid(682abd313990845aabd60612b4828970) Importer(815301076,1909f56bfc062723c751e8b465ee728b)  -> (artifact id: '5cf7aea42c07ccffc60b0300b7a0a07f') in 0.004901 seconds 
  Import took 0.008691 seconds .

========================================================================
Received Import Request.
  Time since last request: 64.517320 seconds.
  path: Packages/com.unity.render-pipelines.universal/Runtime/Unity.RenderPipelines.Universal.Runtime.asmdef
  artifactKey: Guid(15fc0a57446b3144c949da3e2b9737a9) Importer(815301076,1909f56bfc062723c751e8b465ee728b)
Start importing Packages/com.unity.render-pipelines.universal/Runtime/Unity.RenderPipelines.Universal.Runtime.asmdef using Guid(15fc0a57446b3144c949da3e2b9737a9) Importer(815301076,1909f56bfc062723c751e8b465ee728b)  -> (artifact id: '2ae49008c615acbd7c91e92e907f5c87') in 0.008662 seconds 
  Import took 0.012468 seconds .

========================================================================
Received Import Request.
  Time since last request: 1.686216 seconds.
  path: Packages/com.unity.render-pipelines.universal/package.json
  artifactKey: Guid(30648b8d550465f4bb77f1e1afd0b37d) Importer(815301076,1909f56bfc062723c751e8b465ee728b)
Start importing Packages/com.unity.render-pipelines.universal/package.json using Guid(30648b8d550465f4bb77f1e1afd0b37d) Importer(815301076,1909f56bfc062723c751e8b465ee728b)  -> (artifact id: '6197a96a246fb3f5732501e1031fb881') in 0.006395 seconds 
  Import took 0.010323 seconds .

========================================================================
Received Prepare
Switching render pipeline 19ba41d7c0026c3459d37c2fe90c55a0 -> 0879d98a2530ecb4caed92ecd193afff
Shader 'Universal Render Pipeline/Particles/Lit': fallback shader 'Universal Render Pipeline/Particles/SimpleLit' not found
Shader 'Universal Render Pipeline/Particles/Lit': fallback shader 'Universal Render Pipeline/Particles/SimpleLit' not found
Refreshing native plugins compatible for Editor in 2.59 ms, found 2 plugins.
Preloading 0 native plugins for Editor in 0.00 ms.
Unloading 52 Unused Serialized files (Serialized files now loaded: 0)
System memory in use before: 67.2 MB.
System memory in use after: 64.4 MB.

Unloading 47 unused Assets to reduce memory usage. Loaded Objects now: 3099.
Total: 4.836200 ms (FindLiveObjects: 0.258900 ms CreateObjectMapping: 0.131300 ms MarkObjects: 3.133500 ms  DeleteObjects: 1.311300 ms)

AssetImportParameters requested are different than current active one (requested -> active):
  custom:framework-win-MediaFoundation: 216162199b28c13a410421893ffa2e32 -> 
  custom:video-decoder-ogg-theora: a1e56fd34408186e4bbccfd4996cb3dc -> 
  custom:container-muxer-webm: aa71ff27fc2769a1b78a27578f13a17b -> 
  custom:container-demuxer-webm: 4f35f7cbe854078d1ac9338744f61a02 -> 
  custom:container-demuxer-ogg: 62fdf1f143b41e24485cea50d1cbac27 -> 
  custom:video-encoder-webm-vp8: eb34c28f22e8b96e1ab97ce403110664 -> 
  custom:video-decoder-webm-vp8: 9c59270c3fd7afecdb556c50c9e8de78 -> 
  custom:audio-decoder-ogg-vorbis: bf7c407c2cedff20999df2af8eb42d56 -> 
  custom:audio-encoder-webm-vorbis: bf7c407c2cedff20999df2af8eb42d56 -> 
========================================================================
Received Import Request.
  Time since last request: 538.240286 seconds.
  path: Assets/Settings/DemoRenderPipeline_Renderer.asset
  artifactKey: Guid(111d894f18a467442846086e3e85b3d0) Importer(815301076,1909f56bfc062723c751e8b465ee728b)
Start importing Assets/Settings/DemoRenderPipeline_Renderer.asset using Guid(111d894f18a467442846086e3e85b3d0) Importer(815301076,1909f56bfc062723c751e8b465ee728b)  -> (artifact id: '23f3569df0c8e144d81dd4095cd218b0') in 0.007862 seconds 
  Import took 0.011976 seconds .

========================================================================
Received Import Request.
  Time since last request: 26.850819 seconds.
  path: Assets/Scripts
  artifactKey: Guid(02a3527b6b33a924e8ec66aa805ea717) Importer(815301076,1909f56bfc062723c751e8b465ee728b)
Start importing Assets/Scripts using Guid(02a3527b6b33a924e8ec66aa805ea717) Importer(815301076,1909f56bfc062723c751e8b465ee728b)  -> (artifact id: 'f0a913a0049096cde5d6a727232f232f') in 0.006529 seconds 
  Import took 0.010090 seconds .

========================================================================
Received Import Request.
  Time since last request: 14.253424 seconds.
  path: Assets/Scripts/DemoSRPAsset.cs
  artifactKey: Guid(94dc3792e3b2bb54cbe3504bf0626691) Importer(815301076,1909f56bfc062723c751e8b465ee728b)
Start importing Assets/Scripts/DemoSRPAsset.cs using Guid(94dc3792e3b2bb54cbe3504bf0626691) Importer(815301076,1909f56bfc062723c751e8b465ee728b)  -> (artifact id: 'd9e8900688a5d644ba80fb1b91279717') in 0.005990 seconds 
  Import took 0.010774 seconds .

========================================================================
Received Prepare
Registering precompiled user dll's ...
Registered in 0.003102 seconds.
Begin MonoManager ReloadAssembly
Native extension for WindowsStandalone target not found
Native extension for WebGL target not found
Refreshing native plugins compatible for Editor in 0.47 ms, found 2 plugins.
Preloading 0 native plugins for Editor in 0.00 ms.
Mono: successfully reloaded assembly
- Completed reload, in  1.088 seconds
Platform modules already initialized, skipping
Switching render pipeline 19ba41d7c0026c3459d37c2fe90c55a0 -> 0879d98a2530ecb4caed92ecd193afff
Shader 'Universal Render Pipeline/Particles/Lit': fallback shader 'Universal Render Pipeline/Particles/SimpleLit' not found
Shader 'Universal Render Pipeline/Particles/Lit': fallback shader 'Universal Render Pipeline/Particles/SimpleLit' not found
Refreshing native plugins compatible for Editor in 0.47 ms, found 2 plugins.
Preloading 0 native plugins for Editor in 0.00 ms.
Unloading 2622 Unused Serialized files (Serialized files now loaded: 0)
System memory in use before: 118.0 MB.
System memory in use after: 115.2 MB.

Unloading 49 unused Assets to reduce memory usage. Loaded Objects now: 3103.
Total: 3.617300 ms (FindLiveObjects: 0.277200 ms CreateObjectMapping: 0.121000 ms MarkObjects: 1.921900 ms  DeleteObjects: 1.296400 ms)

AssetImportParameters requested are different than current active one (requested -> active):
  custom:framework-win-MediaFoundation: 216162199b28c13a410421893ffa2e32 -> 
  custom:video-decoder-ogg-theora: a1e56fd34408186e4bbccfd4996cb3dc -> 
  custom:container-muxer-webm: aa71ff27fc2769a1b78a27578f13a17b -> 
  custom:container-demuxer-webm: 4f35f7cbe854078d1ac9338744f61a02 -> 
  custom:container-demuxer-ogg: 62fdf1f143b41e24485cea50d1cbac27 -> 
  custom:video-encoder-webm-vp8: eb34c28f22e8b96e1ab97ce403110664 -> 
  custom:video-decoder-webm-vp8: 9c59270c3fd7afecdb556c50c9e8de78 -> 
  custom:audio-decoder-ogg-vorbis: bf7c407c2cedff20999df2af8eb42d56 -> 
  custom:audio-encoder-webm-vorbis: bf7c407c2cedff20999df2af8eb42d56 -> 
========================================================================
Received Import Request.
  Time since last request: 155.870957 seconds.
  path: Assets/Scripts/Demo
  artifactKey: Guid(acd34549b6e9b604daba914c5f0f3732) Importer(815301076,1909f56bfc062723c751e8b465ee728b)
Start importing Assets/Scripts/Demo using Guid(acd34549b6e9b604daba914c5f0f3732) Importer(815301076,1909f56bfc062723c751e8b465ee728b)  -> (artifact id: '0d77856b545817fe2e79c0cd52b7aab1') in 0.007946 seconds 
  Import took 0.012196 seconds .

========================================================================
Received Import Request.
  Time since last request: 16.166432 seconds.
  path: Assets/Scripts/Demo/DemoRenderPipeline.cs
  artifactKey: Guid(26a62e5100645ae49ac7cd55ba45c9fb) Importer(815301076,1909f56bfc062723c751e8b465ee728b)
Start importing Assets/Scripts/Demo/DemoRenderPipeline.cs using Guid(26a62e5100645ae49ac7cd55ba45c9fb) Importer(815301076,1909f56bfc062723c751e8b465ee728b)  -> (artifact id: '5122ef6474d1ff6e9b8cfb8c18695a9f') in 0.006529 seconds 
  Import took 0.011379 seconds .

========================================================================
Received Import Request.
  Time since last request: 230.793510 seconds.
  path: Assets/Scripts/Demo/DemoRenderPipeline.cs
  artifactKey: Guid(26a62e5100645ae49ac7cd55ba45c9fb) Importer(815301076,1909f56bfc062723c751e8b465ee728b)
Start importing Assets/Scripts/Demo/DemoRenderPipeline.cs using Guid(26a62e5100645ae49ac7cd55ba45c9fb) Importer(815301076,1909f56bfc062723c751e8b465ee728b)  -> (artifact id: '3c26ce87ac6af89cc1fc3e314b82982d') in 0.001562 seconds 
  Import took 0.005835 seconds .

========================================================================
Received Import Request.
  Time since last request: 0.056156 seconds.
  path: Assets/Scripts/Demo/DemoSRPAsset.cs
  artifactKey: Guid(94dc3792e3b2bb54cbe3504bf0626691) Importer(815301076,1909f56bfc062723c751e8b465ee728b)
Start importing Assets/Scripts/Demo/DemoSRPAsset.cs using Guid(94dc3792e3b2bb54cbe3504bf0626691) Importer(815301076,1909f56bfc062723c751e8b465ee728b)  -> (artifact id: 'a55162f1f897c30760cc7d96c2a1dce5') in 0.002927 seconds 
  Import took 0.009842 seconds .

========================================================================
Received Import Request.
  Time since last request: 161.905384 seconds.
  path: Assets/Scripts/Demo/DemoSRPAsset.cs
  artifactKey: Guid(94dc3792e3b2bb54cbe3504bf0626691) Importer(815301076,1909f56bfc062723c751e8b465ee728b)
Start importing Assets/Scripts/Demo/DemoSRPAsset.cs using Guid(94dc3792e3b2bb54cbe3504bf0626691) Importer(815301076,1909f56bfc062723c751e8b465ee728b)  -> (artifact id: 'b291a8feef2d4d1da3ed3fb7eb3b4a1b') in 0.002438 seconds 
  Import took 0.007395 seconds .

========================================================================
Received Import Request.
  Time since last request: 0.000618 seconds.
  path: Assets/Scripts/Demo/DemoSRPAsset.cs
  artifactKey: Guid(94dc3792e3b2bb54cbe3504bf0626691) Importer(815301076,1909f56bfc062723c751e8b465ee728b)
Start importing Assets/Scripts/Demo/DemoSRPAsset.cs using Guid(94dc3792e3b2bb54cbe3504bf0626691) Importer(815301076,1909f56bfc062723c751e8b465ee728b)  -> (artifact id: 'b291a8feef2d4d1da3ed3fb7eb3b4a1b') in 0.001716 seconds 
  Import took 0.008069 seconds .

AssetImportWorkerClient::OnTransportError - code=2 error=End of file
